Command line:
   UC_TZSearch_isim_beh.exe
     -simmode  gui
     -simrunnum  0
     -socket  50130

Wed Oct 07 15:29:31 2015


 Elaboration Time: 0.109202 sec

 Current Memory Usage: 663.47 Meg

 Total Signals          : 15
 Total Nets             : 16
 Total Signal Drivers   : 10
 Total Blocks           : 4
 Total Primitive Blocks : 4
 Total Processes        : 2
 Total Traceable Variables  : 10
 Total Scalar Nets and Variables : 394
Total Line Count : 54

 Total Simulation Time: 0.187202 sec

 Current Memory Usage: 663.47 Meg

Wed Oct 07 15:29:34 2015

