Running: C:\Xilinx\14.7\ISE_DS\ISE\bin\nt64\unwrapped\fuse.exe -intstyle ise -incremental -lib secureip -o C:/Users/Brunno/Desktop/TZSearch_Github/TZSearch/TZSearch_F/testbench_isim_beh.exe -prj C:/Users/Brunno/Desktop/TZSearch_Github/TZSearch/TZSearch_F/testbench_beh.prj work.testbench 
ISim P.20131013 (signature 0x7708f090)
Number of CPUs detected in this system: 4
Turning on mult-threading, number of parallel sub-compilation jobs: 8 
Determining compilation order of HDL files
Parsing VHDL file "C:/Users/Brunno/Desktop/TZSearch_Github/TZSearch/TZSearch_F/STD_SAD.vhd" into library work
Parsing VHDL file "C:/Users/Brunno/Desktop/TZSearch_Github/TZSearch/TZSearch_F/genericSub.vhd" into library work
Parsing VHDL file "C:/Users/Brunno/Desktop/TZSearch_Github/TZSearch/TZSearch_F/genericAdder.vhd" into library work
Parsing VHDL file "C:/Users/Brunno/Desktop/TZSearch_Github/TZSearch/TZSearch_F/CircularBuffer_Datapath.vhd" into library work
Parsing VHDL file "C:/Users/Brunno/Desktop/TZSearch_Github/TZSearch/TZSearch_F/blck4x4.vhd" into library work
Parsing VHDL file "C:/Users/Brunno/Desktop/TZSearch_Github/TZSearch/TZSearch_F/UC_TZSearch.vhd" into library work
Parsing VHDL file "C:/Users/Brunno/Desktop/TZSearch_Github/TZSearch/TZSearch_F/UC_SAD.vhd" into library work
Parsing VHDL file "C:/Users/Brunno/Desktop/TZSearch_Github/TZSearch/TZSearch_F/UC_Raster.vhd" into library work
Parsing VHDL file "C:/Users/Brunno/Desktop/TZSearch_Github/TZSearch/TZSearch_F/UC_PredMov.vhd" into library work
Parsing VHDL file "C:/Users/Brunno/Desktop/TZSearch_Github/TZSearch/TZSearch_F/UC_MainFirst.vhd" into library work
Parsing VHDL file "C:/Users/Brunno/Desktop/TZSearch_Github/TZSearch/TZSearch_F/SAD4x4_Datapath.vhd" into library work
Parsing VHDL file "C:/Users/Brunno/Desktop/TZSearch_Github/TZSearch/TZSearch_F/Datapath_Raster.vhd" into library work
Parsing VHDL file "C:/Users/Brunno/Desktop/TZSearch_Github/TZSearch/TZSearch_F/Datapath_FirstSearch.vhd" into library work
Parsing VHDL file "C:/Users/Brunno/Desktop/TZSearch_Github/TZSearch/TZSearch_F/Final_TZSearch.vhd" into library work
Parsing VHDL file "C:/Users/Brunno/Desktop/TZSearch_Github/TZSearch/TZSearch_F/TB_TZSearch.vhd" into library work
Starting static elaboration
Completed static elaboration
Compiling package standard
Compiling package std_logic_1164
Compiling package numeric_std
Compiling package std_logic_arith
Compiling package std_logic_unsigned
Compiling package std_sad
Compiling architecture behavioral of entity genericSub [genericsub_default]
Compiling architecture behavioral of entity genericAdder [\genericAdder(8)\]
Compiling architecture behavioral of entity genericAdder [\genericAdder(9)\]
Compiling architecture behavioral of entity genericAdder [\genericAdder(10)\]
Compiling architecture behavioral of entity genericAdder [\genericAdder(11)\]
Compiling architecture behavioral of entity blck4x4 [blck4x4_default]
Compiling architecture behavioral of entity genericAdder [\genericAdder(12)\]
Compiling architecture behavioral of entity genericAdder [\genericAdder(13)\]
Compiling architecture behavioral of entity Datapath [datapath_default]
Compiling architecture behavioral of entity UC_SAD [uc_sad_default]
Compiling architecture behavioral of entity UC_MainFirst [uc_mainfirst_default]
Compiling architecture behavioral of entity UC_Raster [uc_raster_default]
Compiling architecture behavioral of entity UC_PredMov [uc_predmov_default]
Compiling architecture behavioral of entity CircularBuffer_Datapath [circularbuffer_datapath_default]
Compiling architecture behavioral of entity Datapath_FirstSearch [datapath_firstsearch_default]
Compiling architecture behavioral of entity Datapath_Raster [datapath_raster_default]
Compiling architecture behavioral of entity UC_TZSearch [uc_tzsearch_default]
Compiling architecture behavioral of entity Final_TZSearch [final_tzsearch_default]
Compiling architecture behavior of entity testbench
Time Resolution for simulation is 1ps.
Waiting for 17 sub-compilation(s) to finish...
Compiled 43 VHDL Units
Built simulation executable C:/Users/Brunno/Desktop/TZSearch_Github/TZSearch/TZSearch_F/testbench_isim_beh.exe
Fuse Memory Usage: 39092 KB
Fuse CPU Usage: 2651 ms
