Release 14.7 - xst P.20131013 (nt64)
Copyright (c) 1995-2013 Xilinx, Inc.  All rights reserved.
--> Parameter TMPDIR set to xst/projnav.tmp


Total REAL time to Xst completion: 1.00 secs
Total CPU time to Xst completion: 0.65 secs
 
--> Parameter xsthdpdir set to xst


Total REAL time to Xst completion: 1.00 secs
Total CPU time to Xst completion: 0.65 secs
 
--> Reading design: UC_TZSearch.prj

TABLE OF CONTENTS
  1) Synthesis Options Summary
  2) HDL Parsing
  3) HDL Elaboration
  4) HDL Synthesis
       4.1) HDL Synthesis Report
  5) Advanced HDL Synthesis
       5.1) Advanced HDL Synthesis Report
  6) Low Level Synthesis
  7) Partition Report
  8) Design Summary
       8.1) Primitive and Black Box Usage
       8.2) Device utilization summary
       8.3) Partition Resource Summary
       8.4) Timing Report
            8.4.1) Clock Information
            8.4.2) Asynchronous Control Signals Information
            8.4.3) Timing Summary
            8.4.4) Timing Details
            8.4.5) Cross Clock Domains Report


=========================================================================
*                      Synthesis Options Summary                        *
=========================================================================
---- Source Parameters
Input File Name                    : "UC_TZSearch.prj"
Ignore Synthesis Constraint File   : NO

---- Target Parameters
Output File Name                   : "UC_TZSearch"
Output Format                      : NGC
Target Device                      : xc6vlx130t-2-ff484

---- Source Options
Top Module Name                    : UC_TZSearch
Automatic FSM Extraction           : YES
FSM Encoding Algorithm             : Auto
Safe Implementation                : No
FSM Style                          : LUT
RAM Extraction                     : Yes
RAM Style                          : Auto
ROM Extraction                     : Yes
Shift Register Extraction          : YES
ROM Style                          : Auto
Resource Sharing                   : YES
Asynchronous To Synchronous        : NO
Shift Register Minimum Size        : 2
Use DSP Block                      : Auto
Automatic Register Balancing       : No

---- Target Options
LUT Combining                      : Auto
Reduce Control Sets                : Auto
Add IO Buffers                     : YES
Global Maximum Fanout              : 100000
Add Generic Clock Buffer(BUFG)     : 32
Register Duplication               : YES
Optimize Instantiated Primitives   : NO
Use Clock Enable                   : Auto
Use Synchronous Set                : Auto
Use Synchronous Reset              : Auto
Pack IO Registers into IOBs        : Auto
Equivalent register Removal        : YES

---- General Options
Optimization Goal                  : Speed
Optimization Effort                : 1
Power Reduction                    : NO
Keep Hierarchy                     : No
Netlist Hierarchy                  : As_Optimized
RTL Output                         : Yes
Global Optimization                : AllClockNets
Read Cores                         : YES
Write Timing Constraints           : NO
Cross Clock Analysis               : NO
Hierarchy Separator                : /
Bus Delimiter                      : <>
Case Specifier                     : Maintain
Slice Utilization Ratio            : 100
BRAM Utilization Ratio             : 100
DSP48 Utilization Ratio            : 100
Auto BRAM Packing                  : NO
Slice Utilization Ratio Delta      : 5

=========================================================================


=========================================================================
*                          HDL Parsing                                  *
=========================================================================
Parsing VHDL file "C:\Users\Brunno\Desktop\TZSearch_F\TZSearch_F\UC_TZSearch.vhd" into library work
Parsing entity <UC_TZSearch>.
Parsing architecture <Behavioral> of entity <uc_tzsearch>.

=========================================================================
*                            HDL Elaboration                            *
=========================================================================

Elaborating entity <UC_TZSearch> (architecture <Behavioral>) from library <work>.

=========================================================================
*                           HDL Synthesis                               *
=========================================================================

Synthesizing Unit <UC_TZSearch>.
    Related source file is "C:\Users\Brunno\Desktop\TZSearch_F\TZSearch_F\UC_TZSearch.vhd".
    Found 3-bit register for signal <state>.
    Found 8x8-bit Read Only RAM for signal <_n0037>
    Found 1-bit 3-to-1 multiplexer for signal <state[2]_X_5_o_Mux_15_o> created at line 67.
WARNING:Xst:737 - Found 1-bit latch for signal <STARTPredMov>. Latches may be generated from incomplete case or if statements. We do not recommend the use of latches in FPGA/CPLD designs, as they may lead to timing problems.
WARNING:Xst:737 - Found 1-bit latch for signal <STARTFirstSearch>. Latches may be generated from incomplete case or if statements. We do not recommend the use of latches in FPGA/CPLD designs, as they may lead to timing problems.
WARNING:Xst:737 - Found 1-bit latch for signal <STARTRaster>. Latches may be generated from incomplete case or if statements. We do not recommend the use of latches in FPGA/CPLD designs, as they may lead to timing problems.
WARNING:Xst:737 - Found 1-bit latch for signal <chooseMode>. Latches may be generated from incomplete case or if statements. We do not recommend the use of latches in FPGA/CPLD designs, as they may lead to timing problems.
WARNING:Xst:737 - Found 1-bit latch for signal <done>. Latches may be generated from incomplete case or if statements. We do not recommend the use of latches in FPGA/CPLD designs, as they may lead to timing problems.
WARNING:Xst:737 - Found 1-bit latch for signal <nextState<2>>. Latches may be generated from incomplete case or if statements. We do not recommend the use of latches in FPGA/CPLD designs, as they may lead to timing problems.
WARNING:Xst:737 - Found 1-bit latch for signal <nextState<1>>. Latches may be generated from incomplete case or if statements. We do not recommend the use of latches in FPGA/CPLD designs, as they may lead to timing problems.
WARNING:Xst:737 - Found 1-bit latch for signal <nextState<0>>. Latches may be generated from incomplete case or if statements. We do not recommend the use of latches in FPGA/CPLD designs, as they may lead to timing problems.
    Summary:
	inferred   1 RAM(s).
	inferred   3 D-type flip-flop(s).
	inferred   8 Latch(s).
	inferred   9 Multiplexer(s).
Unit <UC_TZSearch> synthesized.

=========================================================================
HDL Synthesis Report

Macro Statistics
# RAMs                                                 : 1
 8x8-bit single-port Read Only RAM                     : 1
# Registers                                            : 1
 3-bit register                                        : 1
# Latches                                              : 8
 1-bit latch                                           : 8
# Multiplexers                                         : 9
 1-bit 2-to-1 multiplexer                              : 8
 1-bit 3-to-1 multiplexer                              : 1

=========================================================================

=========================================================================
*                       Advanced HDL Synthesis                          *
=========================================================================


Synthesizing (advanced) Unit <UC_TZSearch>.
INFO:Xst:3218 - HDL ADVISOR - The RAM <Mram__n0037> will be implemented on LUTs either because you have described an asynchronous read or because of currently unsupported block RAM features. If you have described an asynchronous read, making it synchronous would allow you to take advantage of available block RAM resources, for optimized device usage and improved timings. Please refer to your documentation for coding guidelines.
    -----------------------------------------------------------------------
    | ram_type           | Distributed                         |          |
    -----------------------------------------------------------------------
    | Port A                                                              |
    |     aspect ratio   | 8-word x 8-bit                      |          |
    |     weA            | connected to signal <GND>           | high     |
    |     addrA          | connected to signal <state>         |          |
    |     diA            | connected to signal <GND>           |          |
    |     doA            | connected to internal node          |          |
    -----------------------------------------------------------------------
Unit <UC_TZSearch> synthesized (advanced).

=========================================================================
Advanced HDL Synthesis Report

Macro Statistics
# RAMs                                                 : 1
 8x8-bit single-port distributed Read Only RAM         : 1
# Registers                                            : 3
 Flip-Flops                                            : 3
# Multiplexers                                         : 9
 1-bit 2-to-1 multiplexer                              : 8
 1-bit 3-to-1 multiplexer                              : 1

=========================================================================

=========================================================================
*                         Low Level Synthesis                           *
=========================================================================

Optimizing unit <UC_TZSearch> ...

Mapping all equations...
Building and optimizing final netlist ...
Found area constraint ratio of 100 (+ 5) on block UC_TZSearch, actual ratio is 0.

Final Macro Processing ...

=========================================================================
Final Register Report

Macro Statistics
# Registers                                            : 3
 Flip-Flops                                            : 3

=========================================================================

=========================================================================
*                           Partition Report                            *
=========================================================================

Partition Implementation Status
-------------------------------

  No Partitions were found in this design.

-------------------------------

=========================================================================
*                            Design Summary                             *
=========================================================================

Top Level Output File Name         : UC_TZSearch.ngc

Primitive and Black Box Usage:
------------------------------
# BELS                             : 14
#      INV                         : 1
#      LUT2                        : 2
#      LUT3                        : 7
#      LUT4                        : 1
#      LUT5                        : 1
#      LUT6                        : 2
# FlipFlops/Latches                : 11
#      FDC                         : 3
#      LD                          : 8
# Clock Buffers                    : 1
#      BUFGP                       : 1
# IO Buffers                       : 9
#      IBUF                        : 4
#      OBUF                        : 5

Device utilization summary:
---------------------------

Selected Device : 6vlx130tff484-2 


Slice Logic Utilization: 
 Number of Slice Registers:               6  out of  160000     0%  
 Number of Slice LUTs:                   14  out of  80000     0%  
    Number used as Logic:                14  out of  80000     0%  

Slice Logic Distribution: 
 Number of LUT Flip Flop pairs used:     16
   Number with an unused Flip Flop:      10  out of     16    62%  
   Number with an unused LUT:             2  out of     16    12%  
   Number of fully used LUT-FF pairs:     4  out of     16    25%  
   Number of unique control sets:         6

IO Utilization: 
 Number of IOs:                          10
 Number of bonded IOBs:                  10  out of    240     4%  
    IOB Flip Flops/Latches:               5

Specific Feature Utilization:
 Number of BUFG/BUFGCTRLs:                1  out of     32     3%  

---------------------------
Partition Resource Summary:
---------------------------

  No Partitions were found in this design.

---------------------------


=========================================================================
Timing Report

NOTE: THESE TIMING NUMBERS ARE ONLY A SYNTHESIS ESTIMATE.
      FOR ACCURATE TIMING INFORMATION PLEASE REFER TO THE TRACE REPORT
      GENERATED AFTER PLACE-and-ROUTE.

Clock Information:
------------------
---------------------------------------------------------+--------------------------+-------+
Clock Signal                                             | Clock buffer(FF name)    | Load  |
---------------------------------------------------------+--------------------------+-------+
state[2]_PWR_11_o_Mux_22_o(state[2]_PWR_11_o_Mux_22_o1:O)| NONE(*)(nextState_2)     | 3     |
Mram__n00373(Mram__n003731:O)                            | NONE(*)(done)            | 1     |
CLK                                                      | BUFGP                    | 3     |
Mram__n00375(Mram__n003751:O)                            | NONE(*)(STARTRaster)     | 1     |
Mram__n00377(Mram__n003771:O)                            | NONE(*)(STARTPredMov)    | 1     |
Mram__n00376(Mram__n003761:O)                            | NONE(*)(STARTFirstSearch)| 2     |
---------------------------------------------------------+--------------------------+-------+
(*) These 5 clock signal(s) are generated by combinatorial logic,
and XST is not able to identify which are the primary clock signals.
Please use the CLOCK_SIGNAL constraint to specify the clock signal(s) generated by combinatorial logic.
INFO:Xst:2169 - HDL ADVISOR - Some clock signals were not automatically buffered by XST with BUFG/BUFR resources. Please use the buffer_type constraint in order to insert these buffers to the clock signals to help prevent skew problems.

Asynchronous Control Signals Information:
----------------------------------------
No asynchronous control signals found in this design

Timing Summary:
---------------
Speed Grade: -2

   Minimum period: No path found
   Minimum input arrival time before clock: 1.137ns
   Maximum output required time after clock: 0.665ns
   Maximum combinational path delay: No path found

Timing Details:
---------------
All values displayed in nanoseconds (ns)

=========================================================================
Timing constraint: Default OFFSET IN BEFORE for Clock 'CLK'
  Total number of paths / destination ports: 3 / 3
-------------------------------------------------------------------------
Offset:              1.137ns (Levels of Logic = 2)
  Source:            START (PAD)
  Destination:       state_0 (FF)
  Destination Clock: CLK rising

  Data Path: START to state_0
                                Gate     Net
    Cell:in->out      fanout   Delay   Delay  Logical Name (Net Name)
    ----------------------------------------  ------------
     IBUF:I->O             1   0.003   0.339  START_IBUF (START_IBUF)
     INV:I->O              3   0.079   0.351  START_inv1_INV_0 (START_inv)
     FDC:CLR                   0.365          state_0
    ----------------------------------------
    Total                      1.137ns (0.447ns logic, 0.690ns route)
                                       (39.3% logic, 60.7% route)

=========================================================================
Timing constraint: Default OFFSET IN BEFORE for Clock 'Mram__n00375'
  Total number of paths / destination ports: 2 / 1
-------------------------------------------------------------------------
Offset:              0.507ns (Levels of Logic = 2)
  Source:            doneRaster (PAD)
  Destination:       STARTRaster (LATCH)
  Destination Clock: Mram__n00375 falling

  Data Path: doneRaster to STARTRaster
                                Gate     Net
    Cell:in->out      fanout   Delay   Delay  Logical Name (Net Name)
    ----------------------------------------  ------------
     IBUF:I->O             4   0.003   0.443  doneRaster_IBUF (doneRaster_IBUF)
     LUT4:I2->O            1   0.061   0.000  Mmux_state[2]_X_5_o_Mux_15_o11 (state[2]_X_5_o_Mux_15_o)
     LD:D                     -0.044          STARTRaster
    ----------------------------------------
    Total                      0.507ns (0.064ns logic, 0.443ns route)
                                       (12.6% logic, 87.4% route)

=========================================================================
Timing constraint: Default OFFSET IN BEFORE for Clock 'Mram__n00377'
  Total number of paths / destination ports: 1 / 1
-------------------------------------------------------------------------
Offset:              0.433ns (Levels of Logic = 2)
  Source:            donePredMov (PAD)
  Destination:       STARTPredMov (LATCH)
  Destination Clock: Mram__n00377 falling

  Data Path: donePredMov to STARTPredMov
                                Gate     Net
    Cell:in->out      fanout   Delay   Delay  Logical Name (Net Name)
    ----------------------------------------  ------------
     IBUF:I->O             3   0.003   0.369  donePredMov_IBUF (donePredMov_IBUF)
     LUT2:I1->O            1   0.061   0.000  Mmux_state[2]_X_5_o_Mux_11_o11 (state[2]_X_5_o_Mux_11_o)
     LD:D                     -0.044          STARTPredMov
    ----------------------------------------
    Total                      0.433ns (0.064ns logic, 0.369ns route)
                                       (14.8% logic, 85.2% route)

=========================================================================
Timing constraint: Default OFFSET IN BEFORE for Clock 'Mram__n00376'
  Total number of paths / destination ports: 5 / 2
-------------------------------------------------------------------------
Offset:              0.772ns (Levels of Logic = 2)
  Source:            donePredMov (PAD)
  Destination:       STARTFirstSearch (LATCH)
  Destination Clock: Mram__n00376 falling

  Data Path: donePredMov to STARTFirstSearch
                                Gate     Net
    Cell:in->out      fanout   Delay   Delay  Logical Name (Net Name)
    ----------------------------------------  ------------
     IBUF:I->O             3   0.003   0.708  donePredMov_IBUF (donePredMov_IBUF)
     LUT6:I0->O            1   0.061   0.000  Mmux_state[2]_X_5_o_Mux_13_o11 (state[2]_X_5_o_Mux_13_o)
     LD:D                     -0.044          STARTFirstSearch
    ----------------------------------------
    Total                      0.772ns (0.064ns logic, 0.708ns route)
                                       (8.3% logic, 91.7% route)

=========================================================================
Timing constraint: Default OFFSET OUT AFTER for Clock 'Mram__n00377'
  Total number of paths / destination ports: 1 / 1
-------------------------------------------------------------------------
Offset:              0.665ns (Levels of Logic = 1)
  Source:            STARTPredMov (LATCH)
  Destination:       STARTPredMov (PAD)
  Source Clock:      Mram__n00377 falling

  Data Path: STARTPredMov to STARTPredMov
                                Gate     Net
    Cell:in->out      fanout   Delay   Delay  Logical Name (Net Name)
    ----------------------------------------  ------------
     LD:G->Q               1   0.323   0.339  STARTPredMov (STARTPredMov_OBUF)
     OBUF:I->O                 0.003          STARTPredMov_OBUF (STARTPredMov)
    ----------------------------------------
    Total                      0.665ns (0.326ns logic, 0.339ns route)
                                       (49.0% logic, 51.0% route)

=========================================================================
Timing constraint: Default OFFSET OUT AFTER for Clock 'Mram__n00376'
  Total number of paths / destination ports: 2 / 2
-------------------------------------------------------------------------
Offset:              0.665ns (Levels of Logic = 1)
  Source:            STARTFirstSearch (LATCH)
  Destination:       STARTFirstSearch (PAD)
  Source Clock:      Mram__n00376 falling

  Data Path: STARTFirstSearch to STARTFirstSearch
                                Gate     Net
    Cell:in->out      fanout   Delay   Delay  Logical Name (Net Name)
    ----------------------------------------  ------------
     LD:G->Q               1   0.323   0.339  STARTFirstSearch (STARTFirstSearch_OBUF)
     OBUF:I->O                 0.003          STARTFirstSearch_OBUF (STARTFirstSearch)
    ----------------------------------------
    Total                      0.665ns (0.326ns logic, 0.339ns route)
                                       (49.0% logic, 51.0% route)

=========================================================================
Timing constraint: Default OFFSET OUT AFTER for Clock 'Mram__n00375'
  Total number of paths / destination ports: 1 / 1
-------------------------------------------------------------------------
Offset:              0.665ns (Levels of Logic = 1)
  Source:            STARTRaster (LATCH)
  Destination:       STARTRaster (PAD)
  Source Clock:      Mram__n00375 falling

  Data Path: STARTRaster to STARTRaster
                                Gate     Net
    Cell:in->out      fanout   Delay   Delay  Logical Name (Net Name)
    ----------------------------------------  ------------
     LD:G->Q               1   0.323   0.339  STARTRaster (STARTRaster_OBUF)
     OBUF:I->O                 0.003          STARTRaster_OBUF (STARTRaster)
    ----------------------------------------
    Total                      0.665ns (0.326ns logic, 0.339ns route)
                                       (49.0% logic, 51.0% route)

=========================================================================
Timing constraint: Default OFFSET OUT AFTER for Clock 'Mram__n00373'
  Total number of paths / destination ports: 1 / 1
-------------------------------------------------------------------------
Offset:              0.665ns (Levels of Logic = 1)
  Source:            done (LATCH)
  Destination:       done (PAD)
  Source Clock:      Mram__n00373 falling

  Data Path: done to done
                                Gate     Net
    Cell:in->out      fanout   Delay   Delay  Logical Name (Net Name)
    ----------------------------------------  ------------
     LD:G->Q               1   0.323   0.339  done (done_OBUF)
     OBUF:I->O                 0.003          done_OBUF (done)
    ----------------------------------------
    Total                      0.665ns (0.326ns logic, 0.339ns route)
                                       (49.0% logic, 51.0% route)

=========================================================================

Cross Clock Domains Report:
--------------------------

Clock to Setup on destination clock CLK
--------------------------+---------+---------+---------+---------+
                          | Src:Rise| Src:Fall| Src:Rise| Src:Fall|
Source Clock              |Dest:Rise|Dest:Rise|Dest:Fall|Dest:Fall|
--------------------------+---------+---------+---------+---------+
state[2]_PWR_11_o_Mux_22_o|         |    0.662|         |         |
--------------------------+---------+---------+---------+---------+

Clock to Setup on destination clock Mram__n00373
---------------+---------+---------+---------+---------+
               | Src:Rise| Src:Fall| Src:Rise| Src:Fall|
Source Clock   |Dest:Rise|Dest:Rise|Dest:Fall|Dest:Fall|
---------------+---------+---------+---------+---------+
CLK            |         |         |    0.951|         |
---------------+---------+---------+---------+---------+

Clock to Setup on destination clock Mram__n00375
---------------+---------+---------+---------+---------+
               | Src:Rise| Src:Fall| Src:Rise| Src:Fall|
Source Clock   |Dest:Rise|Dest:Rise|Dest:Fall|Dest:Fall|
---------------+---------+---------+---------+---------+
CLK            |         |         |    1.005|         |
---------------+---------+---------+---------+---------+

Clock to Setup on destination clock Mram__n00376
---------------+---------+---------+---------+---------+
               | Src:Rise| Src:Fall| Src:Rise| Src:Fall|
Source Clock   |Dest:Rise|Dest:Rise|Dest:Fall|Dest:Fall|
---------------+---------+---------+---------+---------+
CLK            |         |         |    1.133|         |
---------------+---------+---------+---------+---------+

Clock to Setup on destination clock Mram__n00377
---------------+---------+---------+---------+---------+
               | Src:Rise| Src:Fall| Src:Rise| Src:Fall|
Source Clock   |Dest:Rise|Dest:Rise|Dest:Fall|Dest:Fall|
---------------+---------+---------+---------+---------+
CLK            |         |         |    0.865|         |
---------------+---------+---------+---------+---------+

Clock to Setup on destination clock state[2]_PWR_11_o_Mux_22_o
---------------+---------+---------+---------+---------+
               | Src:Rise| Src:Fall| Src:Rise| Src:Fall|
Source Clock   |Dest:Rise|Dest:Rise|Dest:Fall|Dest:Fall|
---------------+---------+---------+---------+---------+
CLK            |         |         |    0.951|         |
---------------+---------+---------+---------+---------+

=========================================================================


Total REAL time to Xst completion: 21.00 secs
Total CPU time to Xst completion: 20.96 secs
 
--> 

Total memory usage is 281440 kilobytes

Number of errors   :    0 (   0 filtered)
Number of warnings :    8 (   0 filtered)
Number of infos    :    2 (   0 filtered)

